<?xml version="1.0" encoding="UTF-8"?>
<testng-results ignored="0" total="3" passed="3" failed="0" skipped="0">
  <reporter-output>
  </reporter-output>
  <suite started-at="2024-11-16T08:59:29Z" name="Suite" finished-at="2024-11-16T09:00:00Z" duration-ms="31017">
    <groups>
    </groups>
    <test started-at="2024-11-16T08:59:29Z" name="Test" finished-at="2024-11-16T08:59:44Z" duration-ms="15445">
      <class name="seleniumFrameworkProject.LoginFailedValidation">
        <test-method is-config="true" signature="lunchApplication()[pri:0, instance:seleniumFrameworkProject.LoginFailedValidation@659499f1]" started-at="2024-11-16T08:59:29Z" name="lunchApplication" finished-at="2024-11-16T08:59:36Z" duration-ms="7420" status="PASS">
          <reporter-output>
          </reporter-output>
        </test-method> <!-- lunchApplication -->
        <test-method signature="verifyLoginFailed()[pri:0, instance:seleniumFrameworkProject.LoginFailedValidation@659499f1]" started-at="2024-11-16T08:59:36Z" name="verifyLoginFailed" finished-at="2024-11-16T08:59:43Z" duration-ms="6955" status="PASS">
          <reporter-output>
          </reporter-output>
        </test-method> <!-- verifyLoginFailed -->
        <test-method is-config="true" signature="CloseBrowser()[pri:0, instance:seleniumFrameworkProject.LoginFailedValidation@659499f1]" started-at="2024-11-16T08:59:43Z" name="CloseBrowser" finished-at="2024-11-16T08:59:44Z" duration-ms="1035" status="PASS">
          <reporter-output>
          </reporter-output>
        </test-method> <!-- CloseBrowser -->
      </class> <!-- seleniumFrameworkProject.LoginFailedValidation -->
    </test> <!-- Test -->
    <test started-at="2024-11-16T08:59:29Z" name="Test2S" finished-at="2024-11-16T09:00:00Z" duration-ms="31017">
      <class name="seleniumFrameworkProject.StandAloneTest">
        <test-method is-config="true" signature="lunchApplication()[pri:0, instance:seleniumFrameworkProject.StandAloneTest@5d534f5d]" started-at="2024-11-16T08:59:29Z" name="lunchApplication" finished-at="2024-11-16T08:59:36Z" duration-ms="6671" status="PASS">
          <reporter-output>
          </reporter-output>
        </test-method> <!-- lunchApplication -->
        <test-method signature="placeOrder(java.util.HashMap)[pri:0, instance:seleniumFrameworkProject.StandAloneTest@5d534f5d]" started-at="2024-11-16T08:59:36Z" name="placeOrder" data-provider="getData" finished-at="2024-11-16T08:59:48Z" duration-ms="11659" status="PASS">
          <params>
            <param index="0">
              <value>
                <![CDATA[{userName=test.user7981@gmail.com, password=Demo@123, product=ADIDAS ORIGINAL}]]>
              </value>
            </param>
          </params>
          <reporter-output>
          </reporter-output>
        </test-method> <!-- placeOrder -->
        <test-method is-config="true" signature="CloseBrowser()[pri:0, instance:seleniumFrameworkProject.StandAloneTest@5d534f5d]" started-at="2024-11-16T08:59:48Z" name="CloseBrowser" finished-at="2024-11-16T08:59:49Z" duration-ms="1564" status="PASS">
          <reporter-output>
          </reporter-output>
        </test-method> <!-- CloseBrowser -->
        <test-method is-config="true" signature="lunchApplication()[pri:0, instance:seleniumFrameworkProject.StandAloneTest@5d534f5d]" started-at="2024-11-16T08:59:49Z" name="lunchApplication" finished-at="2024-11-16T08:59:53Z" duration-ms="3752" status="PASS">
          <reporter-output>
          </reporter-output>
        </test-method> <!-- lunchApplication -->
        <test-method signature="verifyOrder()[pri:0, instance:seleniumFrameworkProject.StandAloneTest@5d534f5d]" started-at="2024-11-16T08:59:53Z" name="verifyOrder" finished-at="2024-11-16T08:59:59Z" depends-on-methods="seleniumFrameworkProject.StandAloneTest.placeOrder" duration-ms="6510" status="PASS">
          <reporter-output>
          </reporter-output>
        </test-method> <!-- verifyOrder -->
        <test-method is-config="true" signature="CloseBrowser()[pri:0, instance:seleniumFrameworkProject.StandAloneTest@5d534f5d]" started-at="2024-11-16T08:59:59Z" name="CloseBrowser" finished-at="2024-11-16T09:00:00Z" duration-ms="363" status="PASS">
          <reporter-output>
          </reporter-output>
        </test-method> <!-- CloseBrowser -->
      </class> <!-- seleniumFrameworkProject.StandAloneTest -->
    </test> <!-- Test2S -->
  </suite> <!-- Suite -->
</testng-results>
