<?xml version="1.0" encoding="UTF-8"?>
<testng-results ignored="0" total="1" passed="1" failed="0" skipped="0">
  <reporter-output>
  </reporter-output>
  <suite started-at="2024-11-17T14:51:52 IST" name="Default suite" finished-at="2024-11-17T14:51:53 IST" duration-ms="1127">
    <groups>
    </groups>
    <test started-at="2024-11-17T14:51:52 IST" name="Default test" finished-at="2024-11-17T14:51:53 IST" duration-ms="1127">
      <class name="seleniumFrameworkProject.SqlUtils.MysqlConnectorPage">
        <test-method signature="getSqlConnection()[pri:0, instance:seleniumFrameworkProject.SqlUtils.MysqlConnectorPage@2f5c1332]" started-at="2024-11-17T14:51:52 IST" name="getSqlConnection" finished-at="2024-11-17T14:51:53 IST" duration-ms="924" status="PASS">
          <reporter-output>
          </reporter-output>
        </test-method> <!-- getSqlConnection -->
      </class> <!-- seleniumFrameworkProject.SqlUtils.MysqlConnectorPage -->
    </test> <!-- Default test -->
  </suite> <!-- Default suite -->
</testng-results>
